<?xml version="1.0" encoding="UTF-8"?>
<!-- Generated by org.testng.reporters.JUnitReportReporter -->
<testsuite hostname="LAPTOP-48V26LM1" failures="0" tests="2" name="ui.LoginTest" time="0.004" errors="0" timestamp="2022-04-15T19:29:34 IST" skipped="0">
  <testcase classname="ui.LoginTest" name="loginTest" time="0.003"/>
  <system-out>
    <![CDATA[Testcase loginTest started successfully
Testcase loginTest passed successfully]]>
  </system-out>
  <testcase classname="ui.LoginTest" name="logout" time="0.001"/>
  <system-out>
    <![CDATA[Testcase logout started successfully
Testcase logout passed successfully]]>
  </system-out>
</testsuite> <!-- ui.LoginTest -->
