<?xml version="1.0" encoding="UTF-8"?>
<!-- Generated by org.testng.reporters.JUnitReportReporter -->
<testsuite hostname="LAPTOP-48V26LM1" failures="0" tests="4" name="ui.DataproviderDemoTest2Login" time="18.858" errors="0" timestamp="2022-04-15T19:29:34 IST" skipped="0">
  <testcase classname="ui.DataproviderDemoTest2Login" name="test1" time="2.498"/>
  <system-out>
    <![CDATA[Testcase test1 started successfully
New chrome browser open.
https://www.saucedemo.com/
Login with user id : standard_user,
Password is : secret_sauce.
Login is successfull
Windows closed
Testcase test1 passed successfully]]>
  </system-out>
  <testcase classname="ui.DataproviderDemoTest2Login" name="test1" time="2.352"/>
  <system-out>
    <![CDATA[Testcase test1 started successfully
New chrome browser open.
https://www.saucedemo.com/
Login with user id : problem_user,
Password is : secret_sauce.
Login is successfull
Windows closed
Testcase test1 passed successfully]]>
  </system-out>
  <testcase classname="ui.DataproviderDemoTest2Login" name="test1" time="11.620"/>
  <system-out>
    <![CDATA[Testcase test1 started successfully
New chrome browser open.
https://www.saucedemo.com/
Login with user id : performance_glitch_user,
Password is : secret_sauce.
Login is successfull
Windows closed
Testcase test1 passed successfully]]>
  </system-out>
  <testcase classname="ui.DataproviderDemoTest2Login" name="test1" time="2.388"/>
  <system-out>
    <![CDATA[Testcase test1 started successfully
New chrome browser open.
https://www.saucedemo.com/
Login with user id : locked_out_user,
Password is : secret_sauce.
Login is successfull
Windows closed
Testcase test1 passed successfully]]>
  </system-out>
</testsuite> <!-- ui.DataproviderDemoTest2Login -->
