<?xml version="1.0" encoding="UTF-8"?>
<!-- Generated by org.testng.reporters.JUnitReportReporter -->
<testsuite hostname="LAPTOP-48V26LM1" failures="0" tests="1" name="ui.VerifyTitleAndTextTest" time="4.368" errors="0" timestamp="2022-04-15T19:29:34 IST" skipped="0">
  <testcase classname="ui.VerifyTitleAndTextTest" name="titleTest" time="4.368"/>
  <system-out>
    <![CDATA[Testcase titleTest started successfully
Testcase titleTest passed successfully]]>
  </system-out>
</testsuite> <!-- ui.VerifyTitleAndTextTest -->
