<?xml version="1.0" encoding="UTF-8"?>
<!-- Generated by org.testng.reporters.JUnitReportReporter -->
<testsuite hostname="LAPTOP-48V26LM1" failures="0" tests="1" name="ui.LaunchApplicationLogin" time="2.663" errors="0" timestamp="2022-04-15T19:29:34 IST" skipped="0">
  <testcase classname="ui.LaunchApplicationLogin" name="launchApplication" time="2.663"/>
  <system-out>
    <![CDATA[Testcase launchApplication started successfully
New chrome browser open.
https://www.saucedemo.com/
Login with user id : standard_user
Password is : secret_sauce
Login is successfull
Windows closed
Testcase launchApplication passed successfully]]>
  </system-out>
</testsuite> <!-- ui.LaunchApplicationLogin -->
