<?xml version="1.0" encoding="UTF-8"?>
<!-- Generated by org.testng.reporters.JUnitReportReporter -->
<testsuite hostname="LAPTOP-48V26LM1" failures="0" tests="1" name="ui.VerifyTitle" time="13.246" errors="0" timestamp="2022-04-15T19:29:34 IST" skipped="0">
  <testcase classname="ui.VerifyTitle" name="titleTest" time="13.246"/>
  <system-out>
    <![CDATA[Testcase titleTest started successfully
Testcase titleTest passed successfully]]>
  </system-out>
</testsuite> <!-- ui.VerifyTitle -->
