<?xml version="1.0" encoding="UTF-8"?>
<!-- Generated by org.testng.reporters.JUnitReportReporter -->
<testsuite hostname="LAPTOP-48V26LM1" failures="0" tests="4" name="ui.GroupsDemoTest" time="0.003" errors="0" timestamp="2022-04-15T19:29:34 IST" skipped="0">
  <testcase classname="ui.GroupsDemoTest" name="btest4" time="0.000"/>
  <system-out>
    <![CDATA[Testcase btest4 started successfully
Testcase btest4 passed successfully]]>
  </system-out>
  <testcase classname="ui.GroupsDemoTest" name="bTest3" time="0.001"/>
  <system-out>
    <![CDATA[Testcase bTest3 started successfully
Testcase bTest3 passed successfully]]>
  </system-out>
  <testcase classname="ui.GroupsDemoTest" name="loginTest" time="0.001"/>
  <system-out>
    <![CDATA[Testcase loginTest started successfully
Testcase loginTest passed successfully]]>
  </system-out>
  <testcase classname="ui.GroupsDemoTest" name="logout" time="0.001"/>
  <system-out>
    <![CDATA[Testcase logout started successfully
Testcase logout passed successfully]]>
  </system-out>
</testsuite> <!-- ui.GroupsDemoTest -->
