<?xml version="1.0" encoding="UTF-8"?>
<!-- Generated by org.testng.reporters.JUnitReportReporter -->
<testsuite hostname="LAPTOP-48V26LM1" failures="0" tests="4" name="ui.SkipDemoException" time="0.003" errors="0" timestamp="2022-04-15T19:29:34 IST" skipped="3">
  <testcase classname="ui.SkipDemoException" name="btest4" time="0.001"/>
  <system-out>
    <![CDATA[Testcase btest4 started successfully
Testcase btest4 passed successfully]]>
  </system-out>
  <testcase classname="ui.SkipDemoException" name="skipTest2" time="0.001">
    <skipped/>
  </testcase> <!-- skipTest2 -->
  <system-out>
    <![CDATA[Testcase skipTest2 started successfully
Testcase skipTest2 got skipped]]>
  </system-out>
  <testcase classname="ui.SkipDemoException" name="skipTest3" time="0.001">
    <skipped/>
  </testcase> <!-- skipTest3 -->
  <system-out>
    <![CDATA[Testcase skipTest3 started successfully
Testcase skipTest3 got skipped]]>
  </system-out>
  <testcase classname="ui.SkipDemoException" name="skipTest1">
    <skipped/>
  </testcase> <!-- skipTest1 -->
  <system-out/>
</testsuite> <!-- ui.SkipDemoException -->
