<?xml version="1.0" encoding="UTF-8"?>
<!-- Generated by org.testng.reporters.JUnitReportReporter -->
<testsuite hostname="LAPTOP-48V26LM1" failures="0" tests="2" name="ui.LoginTest" time="0.000" errors="0" timestamp="2022-04-19T19:26:28 IST" skipped="0">
  <testcase classname="ui.LoginTest" name="loginTest" time="0.000"/>
  <system-out/>
  <testcase classname="ui.LoginTest" name="logout" time="0.000"/>
  <system-out/>
</testsuite> <!-- ui.LoginTest -->
