<?xml version="1.0" encoding="UTF-8"?>
<!-- Generated by org.testng.reporters.JUnitReportReporter -->
<testsuite hostname="LAPTOP-48V26LM1" failures="0" tests="8" name="ui.DataproviderDemoTest" time="0.008" errors="0" timestamp="2022-04-19T19:26:28 IST" skipped="0">
  <testcase classname="ui.DataproviderDemoTest" name="test1" time="0.000"/>
  <system-out/>
  <testcase classname="ui.DataproviderDemoTest" name="test1" time="0.000"/>
  <system-out/>
  <testcase classname="ui.DataproviderDemoTest" name="test" time="0.000"/>
  <system-out/>
  <testcase classname="ui.DataproviderDemoTest" name="test" time="0.000"/>
  <system-out/>
  <testcase classname="ui.DataproviderDemoTest" name="test" time="0.000"/>
  <system-out/>
  <testcase classname="ui.DataproviderDemoTest" name="test1" time="0.000"/>
  <system-out/>
  <testcase classname="ui.DataproviderDemoTest" name="test" time="0.000"/>
  <system-out/>
  <testcase classname="ui.DataproviderDemoTest" name="test1" time="0.008"/>
  <system-out/>
</testsuite> <!-- ui.DataproviderDemoTest -->
