<?xml version="1.0" encoding="UTF-8"?>
<!-- Generated by org.testng.reporters.JUnitReportReporter -->
<testsuite hostname="LAPTOP-48V26LM1" failures="0" tests="4" name="ui.GroupsDemoTest" time="0.000" errors="0" timestamp="2022-04-19T19:26:28 IST" skipped="0">
  <testcase classname="ui.GroupsDemoTest" name="btest4" time="0.000"/>
  <system-out/>
  <testcase classname="ui.GroupsDemoTest" name="bTest3" time="0.000"/>
  <system-out/>
  <testcase classname="ui.GroupsDemoTest" name="loginTest" time="0.000"/>
  <system-out/>
  <testcase classname="ui.GroupsDemoTest" name="logout" time="0.000"/>
  <system-out/>
</testsuite> <!-- ui.GroupsDemoTest -->
