<?xml version="1.0" encoding="UTF-8"?>
<!-- Generated by org.testng.reporters.JUnitReportReporter -->
<testsuite hostname="LAPTOP-48V26LM1" failures="0" tests="1" name="ui.VerifyTitleAndTextTest" time="7.845" errors="0" timestamp="2022-04-19T19:26:28 IST" skipped="0">
  <testcase classname="ui.VerifyTitleAndTextTest" name="titleTest" time="7.845"/>
  <system-out/>
</testsuite> <!-- ui.VerifyTitleAndTextTest -->
