<?xml version="1.0" encoding="UTF-8"?>
<!-- Generated by org.testng.reporters.JUnitReportReporter -->
<testsuite hostname="LAPTOP-48V26LM1" failures="0" tests="1" name="ui.ListenerDemoTest" time="5.330" errors="0" timestamp="2022-04-19T19:26:28 IST" skipped="0">
  <testcase classname="ui.ListenerDemoTest" name="launchApp" time="5.330"/>
  <system-out/>
</testsuite> <!-- ui.ListenerDemoTest -->
